[31merror[39m  - 26-12-2021 01:56:30:5630 : [31mInvalid connection string "MANGO DB URL"[39m MongoParseError: Invalid connection string "MANGO DB URL"
    at new ConnectionString (C:\Users\Vishal\Desktop\Discord.js-v13-Handler With Mango Db\node_modules\mongodb-connection-string-url\lib\index.js:82:19)
    at parseOptions (C:\Users\Vishal\Desktop\Discord.js-v13-Handler With Mango Db\node_modules\mongodb\lib\connection_string.js:213:17)
    at new MongoClient (C:\Users\Vishal\Desktop\Discord.js-v13-Handler With Mango Db\node_modules\mongodb\lib\mongo_client.js:62:63)
    at C:\Users\Vishal\Desktop\Discord.js-v13-Handler With Mango Db\node_modules\mongoose\lib\connection.js:779:16
    at new Promise (<anonymous>)
    at NativeConnection.Connection.openUri (C:\Users\Vishal\Desktop\Discord.js-v13-Handler With Mango Db\node_modules\mongoose\lib\connection.js:776:19)
    at C:\Users\Vishal\Desktop\Discord.js-v13-Handler With Mango Db\node_modules\mongoose\lib\index.js:332:10
    at C:\Users\Vishal\Desktop\Discord.js-v13-Handler With Mango Db\node_modules\mongoose\lib\helpers\promiseOrCallback.js:32:5
    at new Promise (<anonymous>)
    at promiseOrCallback (C:\Users\Vishal\Desktop\Discord.js-v13-Handler With Mango Db\node_modules\mongoose\lib\helpers\promiseOrCallback.js:31:10)
[31merror[39m  - 26-12-2021 02:10:29:1029 : [31mname is not defined[39m ReferenceError: name is not defined
    at Object.execute (C:\Users\Vishal\Desktop\Discord.js-v13-Handler With Mango Db\commands\uptime.js:15:16)
    at module.exports (C:\Users\Vishal\Desktop\Discord.js-v13-Handler With Mango Db\events\guild\interactionCreate.js:7:15)
    at Client.emit (node:events:390:28)
    at InteractionCreateAction.handle (C:\Users\Vishal\Desktop\Discord.js-v13-Handler With Mango Db\node_modules\discord.js\src\client\actions\InteractionCreate.js:73:12)
    at Object.module.exports [as INTERACTION_CREATE] (C:\Users\Vishal\Desktop\Discord.js-v13-Handler With Mango Db\node_modules\discord.js\src\client\websocket\handlers\INTERACTION_CREATE.js:4:36)
    at WebSocketManager.handlePacket (C:\Users\Vishal\Desktop\Discord.js-v13-Handler With Mango Db\node_modules\discord.js\src\client\websocket\WebSocketManager.js:350:31)
    at WebSocketShard.onPacket (C:\Users\Vishal\Desktop\Discord.js-v13-Handler With Mango Db\node_modules\discord.js\src\client\websocket\WebSocketShard.js:443:22)
    at WebSocketShard.onMessage (C:\Users\Vishal\Desktop\Discord.js-v13-Handler With Mango Db\node_modules\discord.js\src\client\websocket\WebSocketShard.js:300:10)
    at WebSocket.onMessage (C:\Users\Vishal\Desktop\Discord.js-v13-Handler With Mango Db\node_modules\ws\lib\event-target.js:199:18)
    at WebSocket.emit (node:events:390:28)
